<?xml version="1.0" encoding="UTF-8"?>
<!-- Generated by org.testng.reporters.JUnitReportReporter -->
<testsuite hostname="LAPTOP-8DR5UJ6A" failures="0" tests="2" name="Demo1.Test1" time="0.006" errors="0" timestamp="2023-08-08T15:43:34 IST" skipped="0">
  <testcase classname="Demo1.Test1" name="method1" time="0.005"/>
  <system-out/>
  <testcase classname="Demo1.Test1" name="method10" time="0.001"/>
  <system-out/>
</testsuite> <!-- Demo1.Test1 -->
