<?xml version="1.0" encoding="UTF-8"?>
<!-- Generated by org.testng.reporters.JUnitReportReporter -->
<testsuite hostname="LAPTOP-8DR5UJ6A" failures="0" tests="2" name="Demo2.Test1" time="0.003" errors="0" timestamp="2023-08-08T12:54:23 IST" skipped="0">
  <testcase classname="Demo2.Test1" name="method1" time="0.001"/>
  <system-out/>
  <testcase classname="Demo2.Test1" name="method10" time="0.002"/>
  <system-out/>
</testsuite> <!-- Demo2.Test1 -->
