<?xml version="1.0" encoding="UTF-8"?>
<!-- Generated by org.testng.reporters.JUnitReportReporter -->
<testsuite hostname="LAPTOP-8DR5UJ6A" failures="0" tests="4" name="Demo1.groups" time="0.005" errors="0" timestamp="2023-08-08T15:26:46 IST" skipped="0">
  <testcase classname="Demo1.groups" name="method7" time="0.001"/>
  <system-out/>
  <testcase classname="Demo1.groups" name="method1" time="0.002"/>
  <system-out/>
  <testcase classname="Demo1.groups" name="method5" time="0.001"/>
  <system-out/>
  <testcase classname="Demo1.groups" name="method4" time="0.001"/>
  <system-out/>
</testsuite> <!-- Demo1.groups -->
