<?xml version="1.0" encoding="UTF-8"?>
<!-- Generated by org.testng.reporters.JUnitReportReporter -->
<testsuite hostname="LAPTOP-8DR5UJ6A" failures="0" tests="2" name="Demo1.differentAnotation" time="0.010" errors="0" timestamp="2023-08-08T15:55:33 IST" skipped="1">
  <testcase classname="Demo1.differentAnotation" name="method2" time="0.010"/>
  <system-out/>
  <testcase classname="Demo1.differentAnotation" name="method1">
    <skipped/>
  </testcase> <!-- method1 -->
  <system-out/>
</testsuite> <!-- Demo1.differentAnotation -->
