<?xml version="1.0" encoding="UTF-8"?>
<!-- Generated by org.testng.reporters.JUnitReportReporter -->
<testsuite hostname="LAPTOP-8DR5UJ6A" failures="0" tests="7" name="Demo1.Priority" time="0.008" errors="0" timestamp="2023-08-08T12:47:37 IST" skipped="0">
  <testcase classname="Demo1.Priority" name="method7" time="0.004"/>
  <system-out/>
  <testcase classname="Demo1.Priority" name="method5" time="0.001"/>
  <system-out/>
  <testcase classname="Demo1.Priority" name="method4" time="0.001"/>
  <system-out/>
  <testcase classname="Demo1.Priority" name="method6" time="0.000"/>
  <system-out/>
  <testcase classname="Demo1.Priority" name="method3" time="0.001"/>
  <system-out/>
  <testcase classname="Demo1.Priority" name="method2" time="0.001"/>
  <system-out/>
  <testcase classname="Demo1.Priority" name="method1" time="0.000"/>
  <system-out/>
</testsuite> <!-- Demo1.Priority -->
